<?xml version="1.0" encoding="UTF-8"?>
<!-- Generated by org.testng.reporters.JUnitReportReporter -->
<testsuite hostname="Midhun" failures="0" tests="6" name="dealsdray.com.AutomationTest01" time="54.912" errors="0" timestamp="2024-09-06T12:32:47 IST" skipped="0">
  <testcase classname="dealsdray.com.AutomationTest01" name="triggerURL" time="2.194"/>
  <system-out/>
  <testcase classname="dealsdray.com.AutomationTest01" name="link1" time="11.425"/>
  <system-out/>
  <testcase classname="dealsdray.com.AutomationTest01" name="link2" time="11.047"/>
  <system-out/>
  <testcase classname="dealsdray.com.AutomationTest01" name="link3" time="13.070"/>
  <system-out/>
  <testcase classname="dealsdray.com.AutomationTest01" name="link4" time="9.276"/>
  <system-out/>
  <testcase classname="dealsdray.com.AutomationTest01" name="link5" time="7.900"/>
  <system-out/>
</testsuite> <!-- dealsdray.com.AutomationTest01 -->
