<?xml version="1.0" encoding="UTF-8"?>
<!-- Generated by org.testng.reporters.JUnitReportReporter -->
<testsuite hostname="Midhun" failures="0" tests="1" name="dealsdray.com.AutomationTest02" time="2.641" errors="0" timestamp="2024-09-05T17:08:51 IST" skipped="0">
  <testcase classname="dealsdray.com.AutomationTest02" name="test" time="2.641"/>
  <system-out/>
</testsuite> <!-- dealsdray.com.AutomationTest02 -->
