<?xml version="1.0" encoding="UTF-8"?>
<!-- Generated by org.testng.reporters.JUnitReportReporter -->
<testsuite hostname="Midhun" failures="0" tests="1" name="dealsdray.com.AutomationTest02" time="24.710" errors="0" timestamp="2024-09-06T13:15:15 IST" skipped="0">
  <testcase classname="dealsdray.com.AutomationTest02" name="test" time="24.710"/>
  <system-out/>
</testsuite> <!-- dealsdray.com.AutomationTest02 -->
